2025-02-13 10:22:23: Array
(
    [GET] => Array
        (
            [test] => 1
        )

    [POST] => Array
        (
        )

    [URI] => /projects/C-EnterpriseProject/recervingAPI.php?test=1
    [METHOD] => GET
)

2025-02-13 10:22:36: Array
(
    [GET] => Array
        (
            [table] => members
            [page] => 1
            [limit] => 10
        )

    [POST] => Array
        (
        )

    [URI] => /projects/C-EnterpriseProject/recervingAPI.php?table=members&page=1&limit=10
    [METHOD] => GET
)

2025-02-13 10:22:51: Array
(
    [GET] => Array
        (
            [page] => 1
            [limit] => 10
            [table] => members
        )

    [POST] => Array
        (
        )

    [URI] => /projects/C-EnterpriseProject/recervingAPI.php?page=1&limit=10&table=members
    [METHOD] => GET
)

2025-02-14 02:57:36: Array
(
    [GET] => Array
        (
        )

    [POST] => Array
        (
        )

    [URI] => /projects/Enterprise/C-EnterpriseProject/recervingAPI.php
    [METHOD] => GET
)

2025-02-14 03:20:45: Array
(
    [GET] => Array
        (
        )

    [POST] => Array
        (
        )

    [URI] => /projects/Enterprise/C-EnterpriseProject/recervingAPI.php
    [METHOD] => GET
)

2025-02-14 03:21:35: Array
(
    [GET] => Array
        (
        )

    [POST] => Array
        (
        )

    [URI] => /projects/Enterprise/C-EnterpriseProject/recervingAPI.php
    [METHOD] => GET
)

2025-02-14 03:23:19: Array
(
    [GET] => Array
        (
        )

    [POST] => Array
        (
        )

    [URI] => /projects/Enterprise/C-EnterpriseProject/recervingAPI.php
    [METHOD] => GET
)

2025-02-14 03:38:48: Array
(
    [GET] => Array
        (
        )

    [POST] => Array
        (
        )

    [URI] => /projects/Enterprise/C-EnterpriseProject/recervingAPI.php
    [METHOD] => GET
)

2025-02-14 03:43:59: Array
(
    [GET] => Array
        (
        )

    [POST] => Array
        (
        )

    [URI] => /projects/Enterprise/C-EnterpriseProject/recervingAPI.php
    [METHOD] => GET
)

2025-02-14 03:44:00: Array
(
    [GET] => Array
        (
        )

    [POST] => Array
        (
        )

    [URI] => /projects/Enterprise/C-EnterpriseProject/recervingAPI.php
    [METHOD] => GET
)

2025-02-14 03:44:00: Array
(
    [GET] => Array
        (
        )

    [POST] => Array
        (
        )

    [URI] => /projects/Enterprise/C-EnterpriseProject/recervingAPI.php
    [METHOD] => GET
)

2025-02-14 03:44:06: Array
(
    [GET] => Array
        (
        )

    [POST] => Array
        (
        )

    [URI] => /projects/Enterprise/C-EnterpriseProject/recervingAPI.php
    [METHOD] => GET
)

2025-02-14 03:44:06: Array
(
    [GET] => Array
        (
        )

    [POST] => Array
        (
        )

    [URI] => /projects/Enterprise/C-EnterpriseProject/recervingAPI.php
    [METHOD] => GET
)

2025-02-14 03:44:06: Array
(
    [GET] => Array
        (
        )

    [POST] => Array
        (
        )

    [URI] => /projects/Enterprise/C-EnterpriseProject/recervingAPI.php
    [METHOD] => GET
)

2025-02-14 03:44:06: Array
(
    [GET] => Array
        (
        )

    [POST] => Array
        (
        )

    [URI] => /projects/Enterprise/C-EnterpriseProject/recervingAPI.php
    [METHOD] => GET
)

2025-02-14 03:45:25: Array
(
    [GET] => Array
        (
        )

    [POST] => Array
        (
        )

    [URI] => /projects/Enterprise/C-EnterpriseProject/recervingAPI.php
    [METHOD] => GET
)

2025-02-14 03:45:26: Array
(
    [GET] => Array
        (
        )

    [POST] => Array
        (
        )

    [URI] => /projects/Enterprise/C-EnterpriseProject/recervingAPI.php
    [METHOD] => GET
)

2025-02-14 03:45:26: Array
(
    [GET] => Array
        (
        )

    [POST] => Array
        (
        )

    [URI] => /projects/Enterprise/C-EnterpriseProject/recervingAPI.php
    [METHOD] => GET
)

2025-02-14 03:45:26: Array
(
    [GET] => Array
        (
        )

    [POST] => Array
        (
        )

    [URI] => /projects/Enterprise/C-EnterpriseProject/recervingAPI.php
    [METHOD] => GET
)

2025-02-14 03:47:07: Array
(
    [GET] => Array
        (
        )

    [POST] => Array
        (
        )

    [URI] => /projects/Enterprise/C-EnterpriseProject/recervingAPI.php
    [METHOD] => GET
)

2025-02-14 04:49:34: Array
(
    [GET] => Array
        (
        )

    [POST] => Array
        (
        )

    [URI] => /projects/Enterprise/C-EnterpriseProject/recervingAPI.php
    [METHOD] => GET
)

